<?xml version="1.0" encoding="UTF-8"?>
<testsuite xmlns:xsi="http://www.w3.org/2001/XMLSchema-instance" xsi:noNamespaceSchemaLocation="https://maven.apache.org/surefire/maven-surefire-plugin/xsd/surefire-test-report.xsd" name="com.netcracker.sd4stepanryzhevich.fapi.FapiApplicationTests" time="10.847" tests="1" errors="0" skipped="0" failures="0">
  <properties>
[...]
</properties>
  <testcase name="contextLoads" classname="com.netcracker.sd4stepanryzhevich.fapi.FapiApplicationTests" time="0.235"/>
</testsuite>